Build started 18/03/2017 8:23:39 CH.
     1>Project "D:\Lap Trinh C\BigNumber\QInt\QInt\QInt.vcxproj" on node 2 (Build target(s)).
     1>ClCompile:
         C:\Program Files (x86)\Microsoft Visual Studio 14.0\VC\bin\CL.exe /c /ZI /nologo /W3 /WX- /Od /Oy- /D WIN32 /D _DEBUG /D _CONSOLE /D _UNICODE /D UNICODE /Gm /EHsc /RTC1 /MDd /GS /fp:precise /Zc:wchar_t /Zc:forScope /Zc:inline /Fo"Debug\\" /Fd"Debug\vc140.pdb" /Gd /TP /analyze- /errorReport:prompt Calculator.cpp QFloat.cpp QInt.cpp QNumber.cpp Source.cpp
         Source.cpp
         QNumber.cpp
         QInt.cpp
         QFloat.cpp
     1>d:\lap trinh c\bignumber\qint\qint\qfloat.cpp(49): warning C4018: '<': signed/unsigned mismatch
     1>d:\lap trinh c\bignumber\qint\qint\qfloat.cpp(54): warning C4018: '<': signed/unsigned mismatch
     1>d:\lap trinh c\bignumber\qint\qint\qfloat.cpp(58): warning C4018: '<': signed/unsigned mismatch
     1>d:\lap trinh c\bignumber\qint\qint\qfloat.cpp(59): warning C4018: '<': signed/unsigned mismatch
         Calculator.cpp
     1>d:\lap trinh c\bignumber\qint\qint\calculator.cpp(17): warning C4018: '<': signed/unsigned mismatch
     1>d:\lap trinh c\bignumber\qint\qint\calculator.cpp(22): warning C4018: '<': signed/unsigned mismatch
         Generating Code...
       Link:
         C:\Program Files (x86)\Microsoft Visual Studio 14.0\VC\bin\link.exe /ERRORREPORT:PROMPT /OUT:"D:\Lap Trinh C\BigNumber\QInt\Debug\QInt.exe" /INCREMENTAL /NOLOGO kernel32.lib user32.lib gdi32.lib winspool.lib comdlg32.lib advapi32.lib shell32.lib ole32.lib oleaut32.lib uuid.lib odbc32.lib odbccp32.lib /MANIFEST /MANIFESTUAC:"level='asInvoker' uiAccess='false'" /manifest:embed /Debug /PDB:"D:\Lap Trinh C\BigNumber\QInt\Debug\QInt.pdb" /SUBSYSTEM:CONSOLE /TLBID:1 /DYNAMICBASE /NXCOMPAT /IMPLIB:"D:\Lap Trinh C\BigNumber\QInt\Debug\QInt.lib" /MACHINE:X86 Debug\Calculator.obj
         Debug\QFloat.obj
         Debug\QInt.obj
         Debug\QNumber.obj
         Debug\Source.obj
         QInt.vcxproj -> D:\Lap Trinh C\BigNumber\QInt\Debug\QInt.exe
     1>Done Building Project "D:\Lap Trinh C\BigNumber\QInt\QInt\QInt.vcxproj" (Build target(s)).

Build succeeded.

Time Elapsed 00:00:07.48
