Build started 30/03/2017 1:39:00 CH.
     1>Project "D:\Lap Trinh C\BigNumber\QNumber\QNumber\QNumber.vcxproj" on node 2 (Build target(s)).
     1>ClCompile:
         C:\Program Files (x86)\Microsoft Visual Studio 14.0\VC\bin\x86_amd64\CL.exe /c /ZI /nologo /W3 /WX- /Od /D _DEBUG /D _CONSOLE /D _UNICODE /D UNICODE /Gm /EHsc /RTC1 /MDd /GS /fp:precise /Zc:wchar_t /Zc:forScope /Zc:inline /Fo"x64\Debug\\" /Fd"x64\Debug\vc140.pdb" /Gd /TP /errorReport:prompt Calculator.cpp QFloat.cpp QInt.cpp QNumber.cpp Source.cpp
         Source.cpp
         QNumber.cpp
         QInt.cpp
         QFloat.cpp
         Calculator.cpp
         Generating Code...
       Link:
         C:\Program Files (x86)\Microsoft Visual Studio 14.0\VC\bin\x86_amd64\link.exe /ERRORREPORT:PROMPT /OUT:"D:\Lap Trinh C\BigNumber\QNumber\x64\Debug\QNumber.exe" /INCREMENTAL /NOLOGO kernel32.lib user32.lib gdi32.lib winspool.lib comdlg32.lib advapi32.lib shell32.lib ole32.lib oleaut32.lib uuid.lib odbc32.lib odbccp32.lib /MANIFEST /MANIFESTUAC:"level='asInvoker' uiAccess='false'" /manifest:embed /Debug /PDB:"D:\Lap Trinh C\BigNumber\QNumber\x64\Debug\QNumber.pdb" /SUBSYSTEM:CONSOLE /TLBID:1 /DYNAMICBASE /NXCOMPAT /IMPLIB:"D:\Lap Trinh C\BigNumber\QNumber\x64\Debug\QNumber.lib" /MACHINE:X64 x64\Debug\Calculator.obj
         x64\Debug\QFloat.obj
         x64\Debug\QInt.obj
         x64\Debug\QNumber.obj
         x64\Debug\Source.obj
         QNumber.vcxproj -> D:\Lap Trinh C\BigNumber\QNumber\x64\Debug\QNumber.exe
     1>Done Building Project "D:\Lap Trinh C\BigNumber\QNumber\QNumber\QNumber.vcxproj" (Build target(s)).

Build succeeded.

Time Elapsed 00:00:10.49
