Build started 30/03/2017 2:15:28 CH.
     1>Project "D:\Lap Trinh C\BigNumber\QNumber\QNumber\QNumber.vcxproj" on node 2 (Build target(s)).
     1>ClCompile:
         C:\Program Files (x86)\Microsoft Visual Studio 14.0\VC\bin\CL.exe /c /ZI /nologo /W3 /WX- /Od /Oy- /D WIN32 /D _DEBUG /D _CONSOLE /D _UNICODE /D UNICODE /Gm /EHsc /RTC1 /MDd /GS /fp:precise /Zc:wchar_t /Zc:forScope /Zc:inline /Fo"Debug\\" /Fd"Debug\vc140.pdb" /Gd /TP /analyze- /errorReport:prompt Calculator.cpp QFloat.cpp QInt.cpp QNumber.cpp Source.cpp
         QInt.cpp
         QFloat.cpp
     1>d:\lap trinh c\bignumber\qnumber\qnumber\qfloat.cpp(80): warning C4018: '<': signed/unsigned mismatch
     1>d:\lap trinh c\bignumber\qnumber\qnumber\qfloat.cpp(85): warning C4018: '<': signed/unsigned mismatch
     1>d:\lap trinh c\bignumber\qnumber\qnumber\qfloat.cpp(89): warning C4018: '<': signed/unsigned mismatch
     1>d:\lap trinh c\bignumber\qnumber\qnumber\qfloat.cpp(90): warning C4018: '<': signed/unsigned mismatch
         Generating Code...
         Compiling...
         Source.cpp
         QNumber.cpp
     1>d:\lap trinh c\bignumber\qnumber\qnumber\qnumber.cpp(162): warning C4018: '<': signed/unsigned mismatch
     1>d:\lap trinh c\bignumber\qnumber\qnumber\qnumber.cpp(178): warning C4018: '<': signed/unsigned mismatch
         Calculator.cpp
     1>d:\lap trinh c\bignumber\qnumber\qnumber\calculator.cpp(17): warning C4018: '<': signed/unsigned mismatch
     1>d:\lap trinh c\bignumber\qnumber\qnumber\calculator.cpp(22): warning C4018: '<': signed/unsigned mismatch
         Generating Code...
       Link:
         C:\Program Files (x86)\Microsoft Visual Studio 14.0\VC\bin\link.exe /ERRORREPORT:PROMPT /OUT:"D:\Lap Trinh C\BigNumber\QNumber\Debug\QNumber.exe" /INCREMENTAL /NOLOGO kernel32.lib user32.lib gdi32.lib winspool.lib comdlg32.lib advapi32.lib shell32.lib ole32.lib oleaut32.lib uuid.lib odbc32.lib odbccp32.lib /MANIFEST /MANIFESTUAC:"level='asInvoker' uiAccess='false'" /manifest:embed /Debug /PDB:"D:\Lap Trinh C\BigNumber\QNumber\Debug\QNumber.pdb" /SUBSYSTEM:CONSOLE /TLBID:1 /DYNAMICBASE /NXCOMPAT /IMPLIB:"D:\Lap Trinh C\BigNumber\QNumber\Debug\QNumber.lib" /MACHINE:X86 Debug\Calculator.obj
         Debug\QFloat.obj
         Debug\QInt.obj
         Debug\QNumber.obj
         Debug\Source.obj
         QNumber.vcxproj -> D:\Lap Trinh C\BigNumber\QNumber\Debug\QNumber.exe
     1>Done Building Project "D:\Lap Trinh C\BigNumber\QNumber\QNumber\QNumber.vcxproj" (Build target(s)).

Build succeeded.

Time Elapsed 00:00:07.45
